# JRE version: OpenJDK Runtime Environment JBR-11.0.10.9-1341.41-dcevm (11.0.10+9) (build 11.0.10+9-b1341.41)
# Java VM: Dynamic Code Evolution 64-Bit Server VM JBR-11.0.10.9-1341.41-dcevm (11.0.10+9-b1341.41, mixed mode, tiered, compressed oops, g1 gc, windows-amd64)
Heap:
 garbage-first heap   total 131072K, used 43509K [0x0000000081a00000, 0x0000000100000000)
  region size 1024K, 38 young (38912K), 0 survivors (0K)
 Metaspace       used 22842K, capacity 23323K, committed 23728K, reserved 1071104K
  class space    used 2299K, capacity 2453K, committed 2560K, reserved 1048576K
GC Heap History (18 events):
Event: 0.805 GC heap before
{Heap before GC invocations=0 (full 0):
 garbage-first heap   total 131072K, used 23552K [0x0000000081a00000, 0x0000000100000000)
  region size 1024K, 24 young (24576K), 0 survivors (0K)
 Metaspace       used 16487K, capacity 16894K, committed 17024K, reserved 1064960K
  class space    used 1711K, capacity 1847K, committed 1920K, reserved 1048576K
}
Event: 0.810 GC heap after
{Heap after GC invocations=1 (full 0):
 garbage-first heap   total 131072K, used 5668K [0x0000000081a00000, 0x0000000100000000)
  region size 1024K, 3 young (3072K), 3 survivors (3072K)
 Metaspace       used 16487K, capacity 16894K, committed 17024K, reserved 1064960K
  class space    used 1711K, capacity 1847K, committed 1920K, reserved 1048576K
}
Event: 1.050 GC heap before
{Heap before GC invocations=1 (full 0):
 garbage-first heap   total 131072K, used 15908K [0x0000000081a00000, 0x0000000100000000)
  region size 1024K, 14 young (14336K), 3 survivors (3072K)
 Metaspace       used 20690K, capacity 21119K, committed 21296K, reserved 1069056K
  class space    used 2199K, capacity 2351K, committed 2432K, reserved 1048576K
}
Event: 1.054 GC heap after
{Heap after GC invocations=2 (full 0):
 garbage-first heap   total 131072K, used 7215K [0x0000000081a00000, 0x0000000100000000)
  region size 1024K, 2 young (2048K), 2 survivors (2048K)
 Metaspace       used 20690K, capacity 21119K, committed 21296K, reserved 1069056K
  class space    used 2199K, capacity 2351K, committed 2432K, reserved 1048576K
}
Event: 3601.058 GC heap before
{Heap before GC invocations=3 (full 0):
 garbage-first heap   total 131072K, used 35887K [0x0000000081a00000, 0x0000000100000000)
  region size 1024K, 31 young (31744K), 2 survivors (2048K)
 Metaspace       used 22479K, capacity 22998K, committed 23216K, reserved 1071104K
  class space    used 2325K, capacity 2502K, committed 2560K, reserved 1048576K
}
Event: 3601.071 GC heap after
{Heap after GC invocations=4 (full 1):
 garbage-first heap   total 131072K, used 6942K [0x0000000081a00000, 0x0000000100000000)
  region size 1024K, 0 young (0K), 0 survivors (0K)
 Metaspace       used 22479K, capacity 22998K, committed 23216K, reserved 1071104K
  class space    used 2325K, capacity 2502K, committed 2560K, reserved 1048576K
}
Event: 7201.079 GC heap before
{Heap before GC invocations=4 (full 1):
 garbage-first heap   total 131072K, used 13086K [0x0000000081a00000, 0x0000000100000000)
  region size 1024K, 7 young (7168K), 0 survivors (0K)
 Metaspace       used 22484K, capacity 22998K, committed 23216K, reserved 1071104K
  class space    used 2325K, capacity 2502K, committed 2560K, reserved 1048576K
}
Event: 7201.111 GC heap after
{Heap after GC invocations=5 (full 2):
 garbage-first heap   total 131072K, used 6285K [0x0000000081a00000, 0x0000000100000000)
  region size 1024K, 0 young (0K), 0 survivors (0K)
 Metaspace       used 22185K, capacity 22540K, committed 23216K, reserved 1071104K
  class space    used 2259K, capacity 2382K, committed 2560K, reserved 1048576K
}
Event: 10801.114 GC heap before
{Heap before GC invocations=5 (full 2):
 garbage-first heap   total 131072K, used 11405K [0x0000000081a00000, 0x0000000100000000)
  region size 1024K, 6 young (6144K), 0 survivors (0K)
 Metaspace       used 22186K, capacity 22540K, committed 23216K, reserved 1071104K
  class space    used 2259K, capacity 2382K, committed 2560K, reserved 1048576K
}
Event: 10801.128 GC heap after
{Heap after GC invocations=6 (full 3):
 garbage-first heap   total 131072K, used 6233K [0x0000000081a00000, 0x0000000100000000)
  region size 1024K, 0 young (0K), 0 survivors (0K)
 Metaspace       used 22186K, capacity 22540K, committed 23216K, reserved 1071104K
  class space    used 2259K, capacity 2382K, committed 2560K, reserved 1048576K
}
Event: 14401.145 GC heap before
{Heap before GC invocations=6 (full 3):
 garbage-first heap   total 131072K, used 11353K [0x0000000081a00000, 0x0000000100000000)
  region size 1024K, 6 young (6144K), 0 survivors (0K)
 Metaspace       used 22188K, capacity 22540K, committed 23216K, reserved 1071104K
  class space    used 2259K, capacity 2382K, committed 2560K, reserved 1048576K
}
Event: 14401.157 GC heap after
{Heap after GC invocations=7 (full 4):
 garbage-first heap   total 131072K, used 5620K [0x0000000081a00000, 0x0000000100000000)
  region size 1024K, 0 young (0K), 0 survivors (0K)
 Metaspace       used 22188K, capacity 22540K, committed 23216K, reserved 1071104K
  class space    used 2259K, capacity 2382K, committed 2560K, reserved 1048576K
}
Event: 18001.161 GC heap before
{Heap before GC invocations=7 (full 4):
 garbage-first heap   total 131072K, used 10740K [0x0000000081a00000, 0x0000000100000000)
  region size 1024K, 6 young (6144K), 0 survivors (0K)
 Metaspace       used 22189K, capacity 22540K, committed 23216K, reserved 1071104K
  class space    used 2259K, capacity 2382K, committed 2560K, reserved 1048576K
}
Event: 18001.170 GC heap after
{Heap after GC invocations=8 (full 5):
 garbage-first heap   total 131072K, used 5621K [0x0000000081a00000, 0x0000000100000000)
  region size 1024K, 0 young (0K), 0 survivors (0K)
 Metaspace       used 22189K, capacity 22540K, committed 23216K, reserved 1071104K
  class space    used 2259K, capacity 2382K, committed 2560K, reserved 1048576K
}
Event: 21601.184 GC heap before
{Heap before GC invocations=8 (full 5):
 garbage-first heap   total 131072K, used 10741K [0x0000000081a00000, 0x0000000100000000)
  region size 1024K, 6 young (6144K), 0 survivors (0K)
 Metaspace       used 22195K, capacity 22540K, committed 23216K, reserved 1071104K
  class space    used 2259K, capacity 2382K, committed 2560K, reserved 1048576K
}
Event: 21601.194 GC heap after
{Heap after GC invocations=9 (full 6):
 garbage-first heap   total 131072K, used 5621K [0x0000000081a00000, 0x0000000100000000)
  region size 1024K, 0 young (0K), 0 survivors (0K)
 Metaspace       used 22195K, capacity 22540K, committed 23216K, reserved 1071104K
  class space    used 2259K, capacity 2382K, committed 2560K, reserved 1048576K
}
Event: 25201.210 GC heap before
{Heap before GC invocations=9 (full 6):
 garbage-first heap   total 131072K, used 11765K [0x0000000081a00000, 0x0000000100000000)
  region size 1024K, 7 young (7168K), 0 survivors (0K)
 Metaspace       used 22197K, capacity 22540K, committed 23216K, reserved 1071104K
  class space    used 2259K, capacity 2382K, committed 2560K, reserved 1048576K
}
Event: 25201.251 GC heap after
{Heap after GC invocations=10 (full 7):
 garbage-first heap   total 131072K, used 5621K [0x0000000081a00000, 0x0000000100000000)
  region size 1024K, 0 young (0K), 0 survivors (0K)
 Metaspace       used 22197K, capacity 22540K, committed 23216K, reserved 1071104K
  class space    used 2259K, capacity 2382K, committed 2560K, reserved 1048576K
}

